c:\users\дима\documents\программы\информационные технологии\harmonic\harmonic\release\harmonic.pch
c:\users\дима\documents\программы\информационные технологии\harmonic\harmonic\release\vc141.pdb
c:\users\дима\documents\программы\информационные технологии\harmonic\harmonic\release\stdafx.obj
c:\users\дима\documents\программы\информационные технологии\harmonic\harmonic\release\solution.obj
c:\users\дима\documents\программы\информационные технологии\harmonic\harmonic\release\harmonicdlg.obj
c:\users\дима\documents\программы\информационные технологии\harmonic\harmonic\release\harmonic.obj
c:\users\дима\documents\программы\информационные технологии\harmonic\release\harmonic.ipdb
c:\users\дима\documents\программы\информационные технологии\harmonic\release\harmonic.iobj
c:\users\дима\documents\программы\информационные технологии\harmonic\release\harmonic.exe
c:\users\дима\documents\программы\информационные технологии\harmonic\release\harmonic.pdb
c:\users\дима\documents\программы\информационные технологии\harmonic\harmonic\release\harmonic.res
c:\users\дима\documents\программы\информационные технологии\harmonic\harmonic\release\harmonic.tlog\cl.command.1.tlog
c:\users\дима\documents\программы\информационные технологии\harmonic\harmonic\release\harmonic.tlog\cl.read.1.tlog
c:\users\дима\documents\программы\информационные технологии\harmonic\harmonic\release\harmonic.tlog\cl.write.1.tlog
c:\users\дима\documents\программы\информационные технологии\harmonic\harmonic\release\harmonic.tlog\harmonic.write.1u.tlog
c:\users\дима\documents\программы\информационные технологии\harmonic\harmonic\release\harmonic.tlog\link.command.1.tlog
c:\users\дима\documents\программы\информационные технологии\harmonic\harmonic\release\harmonic.tlog\link.read.1.tlog
c:\users\дима\documents\программы\информационные технологии\harmonic\harmonic\release\harmonic.tlog\link.write.1.tlog
c:\users\дима\documents\программы\информационные технологии\harmonic\harmonic\release\harmonic.tlog\rc.command.1.tlog
c:\users\дима\documents\программы\информационные технологии\harmonic\harmonic\release\harmonic.tlog\rc.read.1.tlog
c:\users\дима\documents\программы\информационные технологии\harmonic\harmonic\release\harmonic.tlog\rc.write.1.tlog
