  stdafx.cpp
  Harmonic.cpp
  HarmonicDlg.cpp
c:\users\дима\documents\программы\информационные технологии\harmonic\harmonic\harmonicdlg.cpp(153): warning C4244: аргумент: преобразование "double" в "int", возможна потеря данных
c:\users\дима\documents\программы\информационные технологии\harmonic\harmonic\harmonicdlg.cpp(154): warning C4244: аргумент: преобразование "double" в "int", возможна потеря данных
c:\users\дима\documents\программы\информационные технологии\harmonic\harmonic\harmonicdlg.cpp(160): warning C4244: аргумент: преобразование "double" в "int", возможна потеря данных
c:\users\дима\documents\программы\информационные технологии\harmonic\harmonic\harmonicdlg.cpp(164): warning C4244: аргумент: преобразование "double" в "int", возможна потеря данных
c:\users\дима\documents\программы\информационные технологии\harmonic\harmonic\harmonicdlg.cpp(166): warning C4244: аргумент: преобразование "double" в "int", возможна потеря данных
c:\users\дима\documents\программы\информационные технологии\harmonic\harmonic\harmonicdlg.cpp(172): warning C4244: аргумент: преобразование "double" в "int", возможна потеря данных
c:\users\дима\documents\программы\информационные технологии\harmonic\harmonic\harmonicdlg.cpp(173): warning C4244: аргумент: преобразование "double" в "int", возможна потеря данных
c:\users\дима\documents\программы\информационные технологии\harmonic\harmonic\harmonicdlg.cpp(179): warning C4244: аргумент: преобразование "double" в "int", возможна потеря данных
c:\users\дима\documents\программы\информационные технологии\harmonic\harmonic\harmonicdlg.cpp(182): warning C4244: аргумент: преобразование "double" в "int", возможна потеря данных
c:\users\дима\documents\программы\информационные технологии\harmonic\harmonic\harmonicdlg.cpp(184): warning C4244: аргумент: преобразование "double" в "int", возможна потеря данных
c:\users\дима\documents\программы\информационные технологии\harmonic\harmonic\harmonicdlg.cpp(189): warning C4244: аргумент: преобразование "double" в "int", возможна потеря данных
c:\users\дима\documents\программы\информационные технологии\harmonic\harmonic\harmonicdlg.cpp(190): warning C4244: аргумент: преобразование "double" в "int", возможна потеря данных
c:\users\дима\documents\программы\информационные технологии\harmonic\harmonic\harmonicdlg.cpp(192): warning C4244: аргумент: преобразование "double" в "int", возможна потеря данных
c:\users\дима\documents\программы\информационные технологии\harmonic\harmonic\harmonicdlg.cpp(193): warning C4244: аргумент: преобразование "double" в "int", возможна потеря данных
c:\users\дима\documents\программы\информационные технологии\harmonic\harmonic\harmonicdlg.cpp(197): warning C4244: аргумент: преобразование "double" в "int", возможна потеря данных
c:\users\дима\documents\программы\информационные технологии\harmonic\harmonic\harmonicdlg.cpp(198): warning C4244: аргумент: преобразование "double" в "int", возможна потеря данных
c:\users\дима\documents\программы\информационные технологии\harmonic\harmonic\harmonicdlg.cpp(200): warning C4244: аргумент: преобразование "double" в "int", возможна потеря данных
c:\users\дима\documents\программы\информационные технологии\harmonic\harmonic\harmonicdlg.cpp(201): warning C4244: аргумент: преобразование "double" в "int", возможна потеря данных
c:\users\дима\documents\программы\информационные технологии\harmonic\harmonic\harmonicdlg.cpp(204): warning C4805: ==: небезопасное смешение типа "BOOL" и типа "bool" в операции
c:\users\дима\documents\программы\информационные технологии\harmonic\harmonic\harmonicdlg.cpp(215): warning C4244: аргумент: преобразование "double" в "int", возможна потеря данных
c:\users\дима\documents\программы\информационные технологии\harmonic\harmonic\harmonicdlg.cpp(216): warning C4244: аргумент: преобразование "double" в "int", возможна потеря данных
c:\users\дима\documents\программы\информационные технологии\harmonic\harmonic\harmonicdlg.cpp(217): warning C4244: аргумент: преобразование "double" в "int", возможна потеря данных
c:\users\дима\documents\программы\информационные технологии\harmonic\harmonic\harmonicdlg.cpp(218): warning C4244: аргумент: преобразование "double" в "int", возможна потеря данных
c:\users\дима\documents\программы\информационные технологии\harmonic\harmonic\harmonicdlg.cpp(380): warning C4244: аргумент: преобразование "double" в "int", возможна потеря данных
c:\users\дима\documents\программы\информационные технологии\harmonic\harmonic\harmonicdlg.cpp(381): warning C4244: аргумент: преобразование "double" в "int", возможна потеря данных
c:\users\дима\documents\программы\информационные технологии\harmonic\harmonic\harmonicdlg.cpp(387): warning C4244: аргумент: преобразование "double" в "int", возможна потеря данных
c:\users\дима\documents\программы\информационные технологии\harmonic\harmonic\harmonicdlg.cpp(391): warning C4244: аргумент: преобразование "double" в "int", возможна потеря данных
c:\users\дима\documents\программы\информационные технологии\harmonic\harmonic\harmonicdlg.cpp(393): warning C4244: аргумент: преобразование "double" в "int", возможна потеря данных
c:\users\дима\documents\программы\информационные технологии\harmonic\harmonic\harmonicdlg.cpp(399): warning C4244: аргумент: преобразование "double" в "int", возможна потеря данных
c:\users\дима\documents\программы\информационные технологии\harmonic\harmonic\harmonicdlg.cpp(400): warning C4244: аргумент: преобразование "double" в "int", возможна потеря данных
c:\users\дима\documents\программы\информационные технологии\harmonic\harmonic\harmonicdlg.cpp(406): warning C4244: аргумент: преобразование "double" в "int", возможна потеря данных
c:\users\дима\documents\программы\информационные технологии\harmonic\harmonic\harmonicdlg.cpp(409): warning C4244: аргумент: преобразование "double" в "int", возможна потеря данных
c:\users\дима\documents\программы\информационные технологии\harmonic\harmonic\harmonicdlg.cpp(411): warning C4244: аргумент: преобразование "double" в "int", возможна потеря данных
c:\users\дима\documents\программы\информационные технологии\harmonic\harmonic\harmonicdlg.cpp(416): warning C4244: аргумент: преобразование "double" в "int", возможна потеря данных
c:\users\дима\documents\программы\информационные технологии\harmonic\harmonic\harmonicdlg.cpp(417): warning C4244: аргумент: преобразование "double" в "int", возможна потеря данных
c:\users\дима\documents\программы\информационные технологии\harmonic\harmonic\harmonicdlg.cpp(419): warning C4244: аргумент: преобразование "double" в "int", возможна потеря данных
c:\users\дима\documents\программы\информационные технологии\harmonic\harmonic\harmonicdlg.cpp(420): warning C4244: аргумент: преобразование "double" в "int", возможна потеря данных
c:\users\дима\documents\программы\информационные технологии\harmonic\harmonic\harmonicdlg.cpp(424): warning C4244: аргумент: преобразование "double" в "int", возможна потеря данных
c:\users\дима\documents\программы\информационные технологии\harmonic\harmonic\harmonicdlg.cpp(425): warning C4244: аргумент: преобразование "double" в "int", возможна потеря данных
c:\users\дима\documents\программы\информационные технологии\harmonic\harmonic\harmonicdlg.cpp(427): warning C4244: аргумент: преобразование "double" в "int", возможна потеря данных
c:\users\дима\documents\программы\информационные технологии\harmonic\harmonic\harmonicdlg.cpp(428): warning C4244: аргумент: преобразование "double" в "int", возможна потеря данных
c:\users\дима\documents\программы\информационные технологии\harmonic\harmonic\harmonicdlg.cpp(433): warning C4244: аргумент: преобразование "double" в "int", возможна потеря данных
c:\users\дима\documents\программы\информационные технологии\harmonic\harmonic\harmonicdlg.cpp(434): warning C4244: аргумент: преобразование "double" в "int", возможна потеря данных
c:\users\дима\documents\программы\информационные технологии\harmonic\harmonic\harmonicdlg.cpp(435): warning C4244: аргумент: преобразование "double" в "int", возможна потеря данных
c:\users\дима\documents\программы\информационные технологии\harmonic\harmonic\harmonicdlg.cpp(436): warning C4244: аргумент: преобразование "double" в "int", возможна потеря данных
c:\users\дима\documents\программы\информационные технологии\harmonic\harmonic\harmonicdlg.cpp(441): warning C4244: аргумент: преобразование "double" в "int", возможна потеря данных
c:\users\дима\documents\программы\информационные технологии\harmonic\harmonic\harmonicdlg.cpp(442): warning C4244: аргумент: преобразование "double" в "int", возможна потеря данных
c:\users\дима\documents\программы\информационные технологии\harmonic\harmonic\harmonicdlg.cpp(445): warning C4244: аргумент: преобразование "double" в "int", возможна потеря данных
c:\users\дима\documents\программы\информационные технологии\harmonic\harmonic\harmonicdlg.cpp(446): warning C4244: аргумент: преобразование "double" в "int", возможна потеря данных
c:\users\дима\documents\программы\информационные технологии\harmonic\harmonic\harmonicdlg.cpp(451): warning C4244: аргумент: преобразование "double" в "int", возможна потеря данных
c:\users\дима\documents\программы\информационные технологии\harmonic\harmonic\harmonicdlg.cpp(454): warning C4244: аргумент: преобразование "double" в "int", возможна потеря данных
  Solution.cpp
  Создание кода
  All 216 functions were compiled because no usable IPDB/IOBJ from previous compilation was found.
  Создание кода завершено
  Harmonic.vcxproj -> C:\Users\Дима\Documents\Программы\Информационные технологии\Harmonic\Release\Harmonic.exe
