c:\users\дима\documents\программы\информационные технологии\harmonic\harmonic\debug\harmonic.pch
c:\users\дима\documents\программы\информационные технологии\harmonic\harmonic\debug\vc141.pdb
c:\users\дима\documents\программы\информационные технологии\harmonic\harmonic\debug\vc141.idb
c:\users\дима\documents\программы\информационные технологии\harmonic\harmonic\debug\stdafx.obj
c:\users\дима\documents\программы\информационные технологии\harmonic\harmonic\debug\solution.obj
c:\users\дима\documents\программы\информационные технологии\harmonic\harmonic\debug\harmonicdlg.obj
c:\users\дима\documents\программы\информационные технологии\harmonic\harmonic\debug\harmonic.obj
c:\users\дима\documents\программы\информационные технологии\harmonic\debug\harmonic.exe
c:\users\дима\documents\программы\информационные технологии\harmonic\debug\harmonic.ilk
c:\users\дима\documents\программы\информационные технологии\harmonic\debug\harmonic.pdb
c:\users\дима\documents\программы\информационные технологии\harmonic\harmonic\debug\harmonic.res
c:\users\дима\documents\программы\информационные технологии\harmonic\harmonic\debug\harmonic.tlog\cl.command.1.tlog
c:\users\дима\documents\программы\информационные технологии\harmonic\harmonic\debug\harmonic.tlog\cl.read.1.tlog
c:\users\дима\documents\программы\информационные технологии\harmonic\harmonic\debug\harmonic.tlog\cl.write.1.tlog
c:\users\дима\documents\программы\информационные технологии\harmonic\harmonic\debug\harmonic.tlog\link.command.1.tlog
c:\users\дима\documents\программы\информационные технологии\harmonic\harmonic\debug\harmonic.tlog\link.read.1.tlog
c:\users\дима\documents\программы\информационные технологии\harmonic\harmonic\debug\harmonic.tlog\link.write.1.tlog
c:\users\дима\documents\программы\информационные технологии\harmonic\harmonic\debug\harmonic.tlog\rc.command.1.tlog
c:\users\дима\documents\программы\информационные технологии\harmonic\harmonic\debug\harmonic.tlog\rc.read.1.tlog
c:\users\дима\documents\программы\информационные технологии\harmonic\harmonic\debug\harmonic.tlog\rc.write.1.tlog
